DEPRECATION WARNING: config.action_view.debug_rjs will be removed in 3.1, from 3.1 onwards you will need to install prototype-rails to continue to use RJS templates . (called from service at /Users/ryan/.rvm/rubies/ruby-1.9.2-p290/lib/ruby/1.9.1/webrick/httpserver.rb:111)


Started GET "/i" for 127.0.0.1 at 2011-09-05 20:40:56 -0700

ActionController::RoutingError (No route matches "/i"):
  

Rendered /Users/ryan/.rvm/gems/ruby-1.9.2-p290/gems/actionpack-3.0.9/lib/action_dispatch/middleware/templates/rescues/routing_error.erb within rescues/layout (1.2ms)


Started GET "/index." for 127.0.0.1 at 2011-09-05 20:40:57 -0700

ActionController::RoutingError (No route matches "/index."):
  

Rendered /Users/ryan/.rvm/gems/ruby-1.9.2-p290/gems/actionpack-3.0.9/lib/action_dispatch/middleware/templates/rescues/routing_error.erb within rescues/layout (1.0ms)


Started GET "/index.htm" for 127.0.0.1 at 2011-09-05 20:41:06 -0700

ActionController::RoutingError (No route matches "/index.htm"):
  

Rendered /Users/ryan/.rvm/gems/ruby-1.9.2-p290/gems/actionpack-3.0.9/lib/action_dispatch/middleware/templates/rescues/routing_error.erb within rescues/layout (1.4ms)


Started GET "/index.ht" for 127.0.0.1 at 2011-09-05 20:41:06 -0700

ActionController::RoutingError (No route matches "/index.ht"):
  

Rendered /Users/ryan/.rvm/gems/ruby-1.9.2-p290/gems/actionpack-3.0.9/lib/action_dispatch/middleware/templates/rescues/routing_error.erb within rescues/layout (1.0ms)


Started GET "/index.h" for 127.0.0.1 at 2011-09-05 20:41:07 -0700

ActionController::RoutingError (No route matches "/index.h"):
  

Rendered /Users/ryan/.rvm/gems/ruby-1.9.2-p290/gems/actionpack-3.0.9/lib/action_dispatch/middleware/templates/rescues/routing_error.erb within rescues/layout (1.0ms)


Started GET "/index." for 127.0.0.1 at 2011-09-05 20:41:07 -0700

ActionController::RoutingError (No route matches "/index."):
  

Rendered /Users/ryan/.rvm/gems/ruby-1.9.2-p290/gems/actionpack-3.0.9/lib/action_dispatch/middleware/templates/rescues/routing_error.erb within rescues/layout (1.0ms)


Started GET "/inde" for 127.0.0.1 at 2011-09-05 20:41:10 -0700

ActionController::RoutingError (No route matches "/inde"):
  

Rendered /Users/ryan/.rvm/gems/ruby-1.9.2-p290/gems/actionpack-3.0.9/lib/action_dispatch/middleware/templates/rescues/routing_error.erb within rescues/layout (1.1ms)


Started GET "/rails/info/properties" for 127.0.0.1 at 2011-09-05 20:42:29 -0700
  Processing by Rails::InfoController#properties as 
Rendered inline template (0.4ms)
Completed 200 OK in 40ms (Views: 1.4ms)


Started GET "/rails/info/properties" for 127.0.0.1 at 2011-09-05 20:42:29 -0700
  Processing by Rails::InfoController#properties as 
Rendered inline template (0.4ms)
Completed 200 OK in 1ms (Views: 0.8ms)


Started GET "/s" for 127.0.0.1 at 2011-09-05 20:45:47 -0700

ActionController::RoutingError (No route matches "/s"):
  

Rendered /Users/ryan/.rvm/gems/ruby-1.9.2-p290/gems/actionpack-3.0.9/lib/action_dispatch/middleware/templates/rescues/routing_error.erb within rescues/layout (1.1ms)


Started GET "/stories" for 127.0.0.1 at 2011-09-05 20:45:48 -0700

ActionController::RoutingError (No route matches "/stories"):
  

Rendered /Users/ryan/.rvm/gems/ruby-1.9.2-p290/gems/actionpack-3.0.9/lib/action_dispatch/middleware/templates/rescues/routing_error.erb within rescues/layout (1.1ms)


Started GET "/stories/" for 127.0.0.1 at 2011-09-05 20:45:49 -0700

ActionController::RoutingError (No route matches "/stories"):
  

Rendered /Users/ryan/.rvm/gems/ruby-1.9.2-p290/gems/actionpack-3.0.9/lib/action_dispatch/middleware/templates/rescues/routing_error.erb within rescues/layout (1.0ms)


Started GET "/storie" for 127.0.0.1 at 2011-09-05 20:45:51 -0700

ActionController::RoutingError (No route matches "/storie"):
  

Rendered /Users/ryan/.rvm/gems/ruby-1.9.2-p290/gems/actionpack-3.0.9/lib/action_dispatch/middleware/templates/rescues/routing_error.erb within rescues/layout (2.0ms)


Started GET "/s" for 127.0.0.1 at 2011-09-05 20:45:52 -0700

ActionController::RoutingError (No route matches "/s"):
  

Rendered /Users/ryan/.rvm/gems/ruby-1.9.2-p290/gems/actionpack-3.0.9/lib/action_dispatch/middleware/templates/rescues/routing_error.erb within rescues/layout (1.1ms)


Started GET "/song" for 127.0.0.1 at 2011-09-05 20:45:53 -0700
  Processing by SongController#index as HTML
Completed 500 Internal Server Error in 384ms

Mongo::ConnectionFailure (Failed to connect to a master node at localhost:27017):
  app/controllers/song_controller.rb:8:in `index'

Rendered /Users/ryan/.rvm/gems/ruby-1.9.2-p290/gems/actionpack-3.0.9/lib/action_dispatch/middleware/templates/rescues/_trace.erb (1.4ms)
Rendered /Users/ryan/.rvm/gems/ruby-1.9.2-p290/gems/actionpack-3.0.9/lib/action_dispatch/middleware/templates/rescues/_request_and_response.erb (2.6ms)
Rendered /Users/ryan/.rvm/gems/ruby-1.9.2-p290/gems/actionpack-3.0.9/lib/action_dispatch/middleware/templates/rescues/diagnostics.erb within rescues/layout (8.4ms)


Started GET "/s" for 127.0.0.1 at 2011-09-05 20:46:44 -0700

ActionController::RoutingError (No route matches "/s"):
  

Rendered /Users/ryan/.rvm/gems/ruby-1.9.2-p290/gems/actionpack-3.0.9/lib/action_dispatch/middleware/templates/rescues/routing_error.erb within rescues/layout (1.0ms)


Started GET "/silly" for 127.0.0.1 at 2011-09-05 20:46:44 -0700

ActionController::RoutingError (No route matches "/silly"):
  

Rendered /Users/ryan/.rvm/gems/ruby-1.9.2-p290/gems/actionpack-3.0.9/lib/action_dispatch/middleware/templates/rescues/routing_error.erb within rescues/layout (1.1ms)


Started GET "/s" for 127.0.0.1 at 2011-09-05 20:46:49 -0700

ActionController::RoutingError (No route matches "/s"):
  

Rendered /Users/ryan/.rvm/gems/ruby-1.9.2-p290/gems/actionpack-3.0.9/lib/action_dispatch/middleware/templates/rescues/routing_error.erb within rescues/layout (1.2ms)


Started GET "/song" for 127.0.0.1 at 2011-09-05 20:46:49 -0700
  Processing by SongController#index as HTML
Completed 500 Internal Server Error in 23ms

Mongo::ConnectionFailure (Failed to connect to a master node at localhost:27017):
  app/controllers/song_controller.rb:8:in `index'

Rendered /Users/ryan/.rvm/gems/ruby-1.9.2-p290/gems/actionpack-3.0.9/lib/action_dispatch/middleware/templates/rescues/_trace.erb (1.5ms)
Rendered /Users/ryan/.rvm/gems/ruby-1.9.2-p290/gems/actionpack-3.0.9/lib/action_dispatch/middleware/templates/rescues/_request_and_response.erb (7.3ms)
Rendered /Users/ryan/.rvm/gems/ruby-1.9.2-p290/gems/actionpack-3.0.9/lib/action_dispatch/middleware/templates/rescues/diagnostics.erb within rescues/layout (13.6ms)


Started GET "/song/" for 127.0.0.1 at 2011-09-05 20:48:01 -0700
  Processing by SongController#index as HTML
Completed 500 Internal Server Error in 43ms

Mongo::ConnectionFailure (Failed to connect to a master node at localhost:27017):
  app/controllers/song_controller.rb:8:in `index'

Rendered /Users/ryan/.rvm/gems/ruby-1.9.2-p290/gems/actionpack-3.0.9/lib/action_dispatch/middleware/templates/rescues/_trace.erb (1.4ms)
Rendered /Users/ryan/.rvm/gems/ruby-1.9.2-p290/gems/actionpack-3.0.9/lib/action_dispatch/middleware/templates/rescues/_request_and_response.erb (2.5ms)
Rendered /Users/ryan/.rvm/gems/ruby-1.9.2-p290/gems/actionpack-3.0.9/lib/action_dispatch/middleware/templates/rescues/diagnostics.erb within rescues/layout (7.8ms)


Started GET "/song//" for 127.0.0.1 at 2011-09-05 20:48:01 -0700
  Processing by SongController#index as HTML
Completed 500 Internal Server Error in 13ms

Mongo::ConnectionFailure (Failed to connect to a master node at localhost:27017):
  app/controllers/song_controller.rb:8:in `index'

Rendered /Users/ryan/.rvm/gems/ruby-1.9.2-p290/gems/actionpack-3.0.9/lib/action_dispatch/middleware/templates/rescues/_trace.erb (1.8ms)
Rendered /Users/ryan/.rvm/gems/ruby-1.9.2-p290/gems/actionpack-3.0.9/lib/action_dispatch/middleware/templates/rescues/_request_and_response.erb (2.4ms)
Rendered /Users/ryan/.rvm/gems/ruby-1.9.2-p290/gems/actionpack-3.0.9/lib/action_dispatch/middleware/templates/rescues/diagnostics.erb within rescues/layout (8.3ms)


Started GET "/son" for 127.0.0.1 at 2011-09-05 20:48:02 -0700

ActionController::RoutingError (No route matches "/son"):
  

Rendered /Users/ryan/.rvm/gems/ruby-1.9.2-p290/gems/actionpack-3.0.9/lib/action_dispatch/middleware/templates/rescues/routing_error.erb within rescues/layout (1.2ms)


Started GET "/new" for 127.0.0.1 at 2011-09-05 20:48:03 -0700

ActionController::RoutingError (No route matches "/new"):
  

Rendered /Users/ryan/.rvm/gems/ruby-1.9.2-p290/gems/actionpack-3.0.9/lib/action_dispatch/middleware/templates/rescues/routing_error.erb within rescues/layout (1.0ms)


Started GET "/song" for 127.0.0.1 at 2011-09-05 20:48:06 -0700
  Processing by SongController#index as HTML
Completed 500 Internal Server Error in 28ms

Mongo::ConnectionFailure (Failed to connect to a master node at localhost:27017):
  app/controllers/song_controller.rb:8:in `index'

Rendered /Users/ryan/.rvm/gems/ruby-1.9.2-p290/gems/actionpack-3.0.9/lib/action_dispatch/middleware/templates/rescues/_trace.erb (1.4ms)
Rendered /Users/ryan/.rvm/gems/ruby-1.9.2-p290/gems/actionpack-3.0.9/lib/action_dispatch/middleware/templates/rescues/_request_and_response.erb (47.8ms)
Rendered /Users/ryan/.rvm/gems/ruby-1.9.2-p290/gems/actionpack-3.0.9/lib/action_dispatch/middleware/templates/rescues/diagnostics.erb within rescues/layout (53.5ms)
DEPRECATION WARNING: config.action_view.debug_rjs will be removed in 3.1, from 3.1 onwards you will need to install prototype-rails to continue to use RJS templates . (called from service at /Users/ryan/.rvm/rubies/ruby-1.9.2-p290/lib/ruby/1.9.1/webrick/httpserver.rb:111)


Started GET "/song" for 127.0.0.1 at 2011-09-06 14:23:21 -0700
  Processing by SongController#index as HTML
Rendered song/index.html.erb within layouts/application (3.2ms)
Completed 200 OK in 483ms (Views: 22.1ms)


Started GET "/song/new" for 127.0.0.1 at 2011-09-06 14:23:24 -0700
  Processing by SongController#new as HTML
Rendered song/new.html.erb within layouts/application (2.4ms)
Completed 200 OK in 19ms (Views: 7.4ms)


Started POST "/song/create" for 127.0.0.1 at 2011-09-06 14:24:20 -0700
  Processing by SongController#create as HTML
  Parameters: {"utf8"=>"✓", "authenticity_token"=>"GyD/BxuC7hfNfE0ja35lbTQXRVxSbApvLTYTLJWcIHs=", "song"=>{"orig_url"=>"http://rd.io/x/QV5PjDcapw8"}}
Redirected to http://localhost:3000/song
Completed 302 Found in 13ms


Started GET "/song" for 127.0.0.1 at 2011-09-06 14:24:20 -0700
  Processing by SongController#index as HTML
Rendered song/_songdisplay.html.erb (1.0ms)
Rendered song/index.html.erb within layouts/application (160.9ms)
Completed 200 OK in 1856ms (Views: 166.3ms)


Started GET "/song/new" for 127.0.0.1 at 2011-09-06 14:51:34 -0700
  Processing by SongController#new as HTML
Rendered song/new.html.erb within layouts/application (33.9ms)
Completed 200 OK in 56ms (Views: 38.3ms)


Started POST "/song/create" for 127.0.0.1 at 2011-09-06 14:51:37 -0700
  Processing by SongController#create as HTML
  Parameters: {"utf8"=>"✓", "authenticity_token"=>"GyD/BxuC7hfNfE0ja35lbTQXRVxSbApvLTYTLJWcIHs=", "song"=>{"orig_url"=>"http://rd.io/x/QV5PjDcapw8"}}
Redirected to http://localhost:3000/song
Completed 302 Found in 14ms


Started GET "/song" for 127.0.0.1 at 2011-09-06 14:51:37 -0700
  Processing by SongController#index as HTML
Completed 500 Internal Server Error in 13ms

Mongo::ConnectionFailure (Operation failed with the following exception: Broken pipe - send(2)):
  app/controllers/song_controller.rb:8:in `index'

Rendered /Users/ryan/.rvm/gems/ruby-1.9.2-p290/gems/actionpack-3.0.9/lib/action_dispatch/middleware/templates/rescues/_trace.erb (1.4ms)
Rendered /Users/ryan/.rvm/gems/ruby-1.9.2-p290/gems/actionpack-3.0.9/lib/action_dispatch/middleware/templates/rescues/_request_and_response.erb (2.9ms)
Rendered /Users/ryan/.rvm/gems/ruby-1.9.2-p290/gems/actionpack-3.0.9/lib/action_dispatch/middleware/templates/rescues/diagnostics.erb within rescues/layout (9.1ms)


Started POST "/song/create" for 127.0.0.1 at 2011-09-06 14:51:47 -0700
  Processing by SongController#create as HTML
  Parameters: {"utf8"=>"✓", "authenticity_token"=>"GyD/BxuC7hfNfE0ja35lbTQXRVxSbApvLTYTLJWcIHs=", "song"=>{"orig_url"=>"http://rd.io/x/QasdV5PjDcapw8"}}
Redirected to http://localhost:3000/song
Completed 302 Found in 22ms


Started GET "/song" for 127.0.0.1 at 2011-09-06 14:51:47 -0700
  Processing by SongController#index as HTML
Rendered song/_songdisplay.html.erb (0.8ms)
Rendered song/_songdisplay.html.erb (0.7ms)
Rendered song/index.html.erb within layouts/application (6.0ms)
Completed 200 OK in 56ms (Views: 10.2ms)
DEPRECATION WARNING: config.action_view.debug_rjs will be removed in 3.1, from 3.1 onwards you will need to install prototype-rails to continue to use RJS templates . (called from service at /Users/ryan/.rvm/rubies/ruby-1.9.2-p290/lib/ruby/1.9.1/webrick/httpserver.rb:111)


Started GET "/song" for 127.0.0.1 at 2011-09-07 16:30:14 -0700
  Processing by SongController#index as HTML
Rendered song/_songdisplay.html.erb (30.0ms)
Rendered song/index.html.erb within layouts/application (33.5ms)
Completed 500 Internal Server Error in 935ms

ActionView::Template::Error (undefined method `track_info' for #<Song:0x007fdf1b409820>):
    22:             <div class="button_title">Track Info</div>
    23:         </div>
    24:         <div class="service_result">
    25:             <div class="results_link fstfwd_url"><%= song.track_info -%></div>
    26:         </div>
    27:     </div>
    28:     
  app/views/song/_songdisplay.html.erb:25:in `_app_views_song__songdisplay_html_erb__2329886855575261229_70298105629120__425026517316353875'
  app/views/song/index.html.erb:4:in `block in _app_views_song_index_html_erb___1658821130507330427_70298105643120__144591141121448598'
  app/views/song/index.html.erb:3:in `each'
  app/views/song/index.html.erb:3:in `_app_views_song_index_html_erb___1658821130507330427_70298105643120__144591141121448598'

Rendered /Users/ryan/.rvm/gems/ruby-1.9.2-p290/gems/actionpack-3.0.9/lib/action_dispatch/middleware/templates/rescues/_trace.erb (1.3ms)
Rendered /Users/ryan/.rvm/gems/ruby-1.9.2-p290/gems/actionpack-3.0.9/lib/action_dispatch/middleware/templates/rescues/_request_and_response.erb (3.4ms)
Rendered /Users/ryan/.rvm/gems/ruby-1.9.2-p290/gems/actionpack-3.0.9/lib/action_dispatch/middleware/templates/rescues/template_error.erb within rescues/layout (9.8ms)


Started GET "/song" for 127.0.0.1 at 2011-09-07 16:30:16 -0700
  Processing by SongController#index as HTML
Rendered song/_songdisplay.html.erb (2.0ms)
Rendered song/index.html.erb within layouts/application (3.7ms)
Completed 500 Internal Server Error in 24ms

ActionView::Template::Error (undefined method `track_info' for #<Song:0x007fdf19822990>):
    22:             <div class="button_title">Track Info</div>
    23:         </div>
    24:         <div class="service_result">
    25:             <div class="results_link fstfwd_url"><%= song.track_info -%></div>
    26:         </div>
    27:     </div>
    28:     
  app/views/song/_songdisplay.html.erb:25:in `_app_views_song__songdisplay_html_erb__2329886855575261229_70298097232800__425026517316353875'
  app/views/song/index.html.erb:4:in `block in _app_views_song_index_html_erb___1658821130507330427_70298097207800__144591141121448598'
  app/views/song/index.html.erb:3:in `each'
  app/views/song/index.html.erb:3:in `_app_views_song_index_html_erb___1658821130507330427_70298097207800__144591141121448598'

Rendered /Users/ryan/.rvm/gems/ruby-1.9.2-p290/gems/actionpack-3.0.9/lib/action_dispatch/middleware/templates/rescues/_trace.erb (1.4ms)
Rendered /Users/ryan/.rvm/gems/ruby-1.9.2-p290/gems/actionpack-3.0.9/lib/action_dispatch/middleware/templates/rescues/_request_and_response.erb (3.0ms)
Rendered /Users/ryan/.rvm/gems/ruby-1.9.2-p290/gems/actionpack-3.0.9/lib/action_dispatch/middleware/templates/rescues/template_error.erb within rescues/layout (8.5ms)


Started GET "/song" for 127.0.0.1 at 2011-09-07 16:30:16 -0700
  Processing by SongController#index as HTML
Rendered song/_songdisplay.html.erb (1.2ms)
Rendered song/index.html.erb within layouts/application (2.8ms)
Completed 500 Internal Server Error in 20ms

ActionView::Template::Error (undefined method `track_info' for #<Song:0x007fdf1b3f3638>):
    22:             <div class="button_title">Track Info</div>
    23:         </div>
    24:         <div class="service_result">
    25:             <div class="results_link fstfwd_url"><%= song.track_info -%></div>
    26:         </div>
    27:     </div>
    28:     
  app/views/song/_songdisplay.html.erb:25:in `_app_views_song__songdisplay_html_erb__2329886855575261229_70298105701140__425026517316353875'
  app/views/song/index.html.erb:4:in `block in _app_views_song_index_html_erb___1658821130507330427_70298105733240__144591141121448598'
  app/views/song/index.html.erb:3:in `each'
  app/views/song/index.html.erb:3:in `_app_views_song_index_html_erb___1658821130507330427_70298105733240__144591141121448598'

Rendered /Users/ryan/.rvm/gems/ruby-1.9.2-p290/gems/actionpack-3.0.9/lib/action_dispatch/middleware/templates/rescues/_trace.erb (1.2ms)
Rendered /Users/ryan/.rvm/gems/ruby-1.9.2-p290/gems/actionpack-3.0.9/lib/action_dispatch/middleware/templates/rescues/_request_and_response.erb (3.0ms)
Rendered /Users/ryan/.rvm/gems/ruby-1.9.2-p290/gems/actionpack-3.0.9/lib/action_dispatch/middleware/templates/rescues/template_error.erb within rescues/layout (8.2ms)


Started GET "/song" for 127.0.0.1 at 2011-09-07 16:31:52 -0700
  Processing by SongController#index as HTML
Rendered song/_songdisplay.html.erb (1.0ms)
Rendered song/_songdisplay.html.erb (0.9ms)
Rendered song/index.html.erb within layouts/application (11.3ms)
Completed 200 OK in 30ms (Views: 15.9ms)


Started GET "/song" for 127.0.0.1 at 2011-09-07 16:32:31 -0700
  Processing by SongController#index as HTML
Rendered song/_songdisplay.html.erb (1.2ms)
Rendered song/index.html.erb within layouts/application (3.0ms)
Completed 500 Internal Server Error in 25ms

ActionView::Template::Error (undefined method `track_info' for #<Song:0x007fdf1b12f140>):
    22:             <div class='button_title'>Track Info</div>
    23:         </div>
    24:         <div class='service_result'>
    25:             <div class='results_link spotify_url'><%= song.track_info -%></div>
    26:         </div>
    27:     </div>
    28:            
  app/views/song/_songdisplay.html.erb:25:in `_app_views_song__songdisplay_html_erb__2329886855575261229_70298104251660__425026517316353875'
  app/views/song/index.html.erb:4:in `block in _app_views_song_index_html_erb___1658821130507330427_70298104301100__144591141121448598'
  app/views/song/index.html.erb:3:in `each'
  app/views/song/index.html.erb:3:in `_app_views_song_index_html_erb___1658821130507330427_70298104301100__144591141121448598'

Rendered /Users/ryan/.rvm/gems/ruby-1.9.2-p290/gems/actionpack-3.0.9/lib/action_dispatch/middleware/templates/rescues/_trace.erb (1.2ms)
Rendered /Users/ryan/.rvm/gems/ruby-1.9.2-p290/gems/actionpack-3.0.9/lib/action_dispatch/middleware/templates/rescues/_request_and_response.erb (3.4ms)
Rendered /Users/ryan/.rvm/gems/ruby-1.9.2-p290/gems/actionpack-3.0.9/lib/action_dispatch/middleware/templates/rescues/template_error.erb within rescues/layout (8.6ms)


Started GET "/song" for 127.0.0.1 at 2011-09-07 16:33:46 -0700
  Processing by SongController#index as HTML
Rendered song/_songdisplay.html.erb (0.8ms)
Rendered song/_songdisplay.html.erb (27.0ms)
Rendered song/index.html.erb within layouts/application (32.7ms)
Completed 200 OK in 50ms (Views: 36.6ms)


Started GET "/song/new" for 127.0.0.1 at 2011-09-07 16:33:51 -0700
  Processing by SongController#new as HTML
Rendered song/new.html.erb within layouts/application (2.4ms)
Completed 200 OK in 19ms (Views: 6.7ms)


Started POST "/song/create" for 127.0.0.1 at 2011-09-07 16:33:58 -0700
  Processing by SongController#create as HTML
  Parameters: {"utf8"=>"✓", "authenticity_token"=>"hbuFgsyxuWPSlCBYRvcodTtwLToY87ZmWagsisPp2mk=", "song"=>{"orig_url"=>"im silly"}}
Redirected to http://localhost:3000/song
Completed 302 Found in 13ms


Started GET "/song" for 127.0.0.1 at 2011-09-07 16:33:58 -0700
  Processing by SongController#index as HTML
Rendered song/_songdisplay.html.erb (0.9ms)
Rendered song/_songdisplay.html.erb (0.9ms)
Rendered song/_songdisplay.html.erb (0.8ms)
Rendered song/index.html.erb within layouts/application (8.3ms)
Completed 200 OK in 37ms (Views: 12.1ms)


Started GET "/song" for 127.0.0.1 at 2011-09-07 16:35:01 -0700
  Processing by SongController#index as HTML
Rendered song/_songdisplay.html.erb (0.8ms)
Rendered song/_songdisplay.html.erb (0.7ms)
Rendered song/_songdisplay.html.erb (0.7ms)
Rendered song/index.html.erb within layouts/application (7.4ms)
Completed 200 OK in 25ms (Views: 11.1ms)


Started GET "/song/" for 127.0.0.1 at 2011-09-07 16:35:12 -0700
  Processing by SongController#index as HTML
Rendered song/_songdisplay.html.erb (1.0ms)
Rendered song/_songdisplay.html.erb (0.8ms)
Rendered song/_songdisplay.html.erb (0.8ms)
Rendered song/index.html.erb within layouts/application (9.1ms)
Completed 200 OK in 27ms (Views: 12.9ms)


Started GET "/song/1" for 127.0.0.1 at 2011-09-07 16:35:12 -0700

AbstractController::ActionNotFound (The action '1' could not be found for SongController):
  

Rendered /Users/ryan/.rvm/gems/ruby-1.9.2-p290/gems/actionpack-3.0.9/lib/action_dispatch/middleware/templates/rescues/unknown_action.erb within rescues/layout (0.9ms)


Started GET "/song/" for 127.0.0.1 at 2011-09-07 16:35:15 -0700
  Processing by SongController#index as HTML
Rendered song/_songdisplay.html.erb (0.8ms)
Rendered song/_songdisplay.html.erb (0.7ms)
Rendered song/_songdisplay.html.erb (0.7ms)
Rendered song/index.html.erb within layouts/application (7.4ms)
Completed 200 OK in 26ms (Views: 11.2ms)


Started GET "/song/" for 127.0.0.1 at 2011-09-07 17:00:49 -0700
  Processing by SongController#index as HTML
Rendered song/_songdisplay.html.erb (1.6ms)
Rendered song/_songdisplay.html.erb (0.8ms)
Rendered song/_songdisplay.html.erb (0.7ms)
Rendered song/index.html.erb within layouts/application (9.1ms)
Completed 200 OK in 80ms (Views: 66.3ms)


Started GET "/song/" for 127.0.0.1 at 2011-09-07 17:01:12 -0700
  Processing by SongController#index as HTML
Completed 500 Internal Server Error in 18ms

ActionView::MissingTemplate (Missing template song/index with {:handlers=>[:erb, :rjs, :builder, :rhtml, :rxml], :formats=>[:html], :locale=>[:en, :en]} in view paths "/Users/ryan/Sites/FstFwd/app/views"):
  

Rendered /Users/ryan/.rvm/gems/ruby-1.9.2-p290/gems/actionpack-3.0.9/lib/action_dispatch/middleware/templates/rescues/missing_template.erb within rescues/layout (0.8ms)
DEPRECATION WARNING: config.action_view.debug_rjs will be removed in 3.1, from 3.1 onwards you will need to install prototype-rails to continue to use RJS templates . (called from service at /Users/ryan/.rvm/rubies/ruby-1.9.2-p290/lib/ruby/1.9.1/webrick/httpserver.rb:111)


Started GET "/song/" for 127.0.0.1 at 2011-09-07 17:02:07 -0700
  Processing by SongController#index as HTML
Rendered song/index.html.haml within layouts/application (2.9ms)
Completed 200 OK in 432ms (Views: 7.4ms)


Started GET "/song/" for 127.0.0.1 at 2011-09-07 17:02:14 -0700
  Processing by SongController#index as HTML
Rendered song/index.html.haml within layouts/application (0.7ms)
Completed 500 Internal Server Error in 27ms

ActionView::Template::Error (Illegal nesting: nesting within plain text is illegal.):
    1: <h3>All songs</h3>
    2: <div>
    3: <% @songs.each do |song| %>
    4:     <%= render :partial => "songdisplay", :locals => { :song => song } %>
    5:     <br />
    6: <% end %>
    7: </div>
  app/views/song/index.html.haml:4

Rendered /Users/ryan/.rvm/gems/ruby-1.9.2-p290/gems/actionpack-3.0.9/lib/action_dispatch/middleware/templates/rescues/_trace.erb (1.9ms)
Rendered /Users/ryan/.rvm/gems/ruby-1.9.2-p290/gems/actionpack-3.0.9/lib/action_dispatch/middleware/templates/rescues/_request_and_response.erb (6.8ms)
Rendered /Users/ryan/.rvm/gems/ruby-1.9.2-p290/gems/actionpack-3.0.9/lib/action_dispatch/middleware/templates/rescues/template_error.erb within rescues/layout (16.9ms)


Started GET "/song/" for 127.0.0.1 at 2011-09-07 17:04:49 -0700
  Processing by SongController#index as HTML
Rendered song/_songdisplay.html.erb (1.0ms)
Rendered song/_songdisplay.html.erb (0.8ms)
Rendered song/_songdisplay.html.erb (0.7ms)
Rendered song/index.html.haml within layouts/application (40.9ms)
Completed 200 OK in 62ms (Views: 46.2ms)


Started GET "/song" for 127.0.0.1 at 2011-09-07 17:20:59 -0700
  Processing by SongController#index as HTML
Rendered song/_songdisplay.html.haml (10.8ms)
Rendered song/_songdisplay.html.haml (10.3ms)
Rendered song/_songdisplay.html.haml (38.9ms)
Rendered song/index.html.haml within layouts/application (68.6ms)
Completed 200 OK in 91ms (Views: 73.8ms)
